0 info it worked if it ends with ok
1 verbose cli [ 'c:\\Program Files\\nodejs\\node.exe',
1 verbose cli   'c:\\Program Files\\nodejs\\node_modules\\npm\\bin\\npm-cli.js',
1 verbose cli   'install',
1 verbose cli   'mogoose',
1 verbose cli   '--save' ]
2 info using npm@1.4.28
3 info using node@v0.10.33
4 warn package.json myguest@1.0.0 No description
5 warn package.json myguest@1.0.0 No repository field.
6 warn package.json myguest@1.0.0 No README data
7 verbose readDependencies using package.json deps
8 verbose cache add [ 'mogoose', null ]
9 verbose cache add name=undefined spec="mogoose" args=["mogoose",null]
10 verbose parsed url { protocol: null,
10 verbose parsed url   slashes: null,
10 verbose parsed url   auth: null,
10 verbose parsed url   host: null,
10 verbose parsed url   port: null,
10 verbose parsed url   hostname: null,
10 verbose parsed url   hash: null,
10 verbose parsed url   search: null,
10 verbose parsed url   query: null,
10 verbose parsed url   pathname: 'mogoose',
10 verbose parsed url   path: 'mogoose',
10 verbose parsed url   href: 'mogoose' }
11 silly lockFile fcb29887-mogoose mogoose
12 verbose lock mogoose C:\Users\LG\AppData\Roaming\npm-cache\fcb29887-mogoose.lock
13 silly lockFile fcb29887-mogoose mogoose
14 silly lockFile fcb29887-mogoose mogoose
15 verbose addNamed [ 'mogoose', '' ]
16 verbose addNamed [ null, '*' ]
17 silly lockFile 86f971ba-mogoose mogoose@
18 verbose lock mogoose@ C:\Users\LG\AppData\Roaming\npm-cache\86f971ba-mogoose.lock
19 silly addNameRange { name: 'mogoose', range: '*', hasData: false }
20 verbose request where is /mogoose
21 verbose request registry https://registry.npmjs.org/
22 verbose request id 7d20e8650cbeb0b1
23 verbose url raw /mogoose
24 verbose url resolving [ 'https://registry.npmjs.org/', './mogoose' ]
25 verbose url resolved https://registry.npmjs.org/mogoose
26 verbose request where is https://registry.npmjs.org/mogoose
27 info trying registry request attempt 1 at 15:01:20
28 http GET https://registry.npmjs.org/mogoose
29 http 404 https://registry.npmjs.org/mogoose
30 verbose headers { date: 'Sat, 29 Nov 2014 06:01:24 GMT',
30 verbose headers   server: 'CouchDB/1.5.0 (Erlang OTP/R16B03)',
30 verbose headers   'content-type': 'application/json',
30 verbose headers   'cache-control': 'max-age=0',
30 verbose headers   'content-length': '52',
30 verbose headers   'accept-ranges': 'bytes',
30 verbose headers   via: '1.1 varnish',
30 verbose headers   age: '0',
30 verbose headers   'x-served-by': 'cache-ty66-TYO',
30 verbose headers   'x-cache': 'MISS',
30 verbose headers   'x-cache-hits': '0',
30 verbose headers   'x-timer': 'S1417240883.994829,VS0,VE527',
30 verbose headers   'keep-alive': 'timeout=10, max=50',
30 verbose headers   connection: 'Keep-Alive' }
31 silly registry.get cb [ 404,
31 silly registry.get   { date: 'Sat, 29 Nov 2014 06:01:24 GMT',
31 silly registry.get     server: 'CouchDB/1.5.0 (Erlang OTP/R16B03)',
31 silly registry.get     'content-type': 'application/json',
31 silly registry.get     'cache-control': 'max-age=0',
31 silly registry.get     'content-length': '52',
31 silly registry.get     'accept-ranges': 'bytes',
31 silly registry.get     via: '1.1 varnish',
31 silly registry.get     age: '0',
31 silly registry.get     'x-served-by': 'cache-ty66-TYO',
31 silly registry.get     'x-cache': 'MISS',
31 silly registry.get     'x-cache-hits': '0',
31 silly registry.get     'x-timer': 'S1417240883.994829,VS0,VE527',
31 silly registry.get     'keep-alive': 'timeout=10, max=50',
31 silly registry.get     connection: 'Keep-Alive' } ]
32 silly lockFile 86f971ba-mogoose mogoose@
33 silly lockFile 86f971ba-mogoose mogoose@
34 error 404 404 Not Found: mogoose
34 error 404
34 error 404 'mogoose' is not in the npm registry.
34 error 404 You should bug the author to publish it
34 error 404 It was specified as a dependency of 'myguest'
34 error 404
34 error 404 Note that you can also install from a
34 error 404 tarball, folder, or http url, or git url.
35 error System Windows_NT 6.1.7601
36 error command "c:\\Program Files\\nodejs\\node.exe" "c:\\Program Files\\nodejs\\node_modules\\npm\\bin\\npm-cli.js" "install" "mogoose" "--save"
37 error cwd c:\Users\LG\myguest
38 error node -v v0.10.33
39 error npm -v 1.4.28
40 error code E404
41 verbose exit [ 1, true ]
